<?xml version="1.0" encoding="UTF-8"?>
<testng-results skipped="0" failed="0" total="1" passed="1">
  <reporter-output>
  </reporter-output>
  <suite name="Suite" duration-ms="536200" started-at="2021-04-26T10:13:59Z" finished-at="2021-04-26T10:22:55Z">
    <groups>
      <group name="cucumber">
        <method signature="AbstractTestNGCucumberTests.feature(cucumber.api.testng.CucumberFeatureWrapper)[pri:0, instance:cucumberOptions.TestRunner@7bc1a03d]" name="feature" class="cucumber.api.testng.AbstractTestNGCucumberTests"/>
      </group> <!-- cucumber -->
    </groups>
    <test name="Test" duration-ms="536200" started-at="2021-04-26T10:13:59Z" finished-at="2021-04-26T10:22:55Z">
      <class name="cucumberOptions.TestRunner">
        <test-method status="PASS" signature="setUpClass()[pri:0, instance:cucumberOptions.TestRunner@7bc1a03d]" name="setUpClass" is-config="true" duration-ms="1566" started-at="2021-04-26T15:43:59Z" finished-at="2021-04-26T15:44:01Z">
          <reporter-output>
          </reporter-output>
        </test-method> <!-- setUpClass -->
        <test-method status="PASS" signature="feature(cucumber.api.testng.CucumberFeatureWrapper)[pri:0, instance:cucumberOptions.TestRunner@7bc1a03d]" name="feature" duration-ms="532557" started-at="2021-04-26T15:44:01Z" description="Runs Cucumber Feature" data-provider="features" finished-at="2021-04-26T15:52:53Z">
          <params>
            <param index="0">
              <value>
                <![CDATA[register into Application]]>
              </value>
            </param>
          </params>
          <reporter-output>
          </reporter-output>
        </test-method> <!-- feature -->
        <test-method status="PASS" signature="tearDownClass()[pri:0, instance:cucumberOptions.TestRunner@7bc1a03d]" name="tearDownClass" is-config="true" duration-ms="393" started-at="2021-04-26T15:52:55Z" finished-at="2021-04-26T15:52:55Z">
          <reporter-output>
          </reporter-output>
        </test-method> <!-- tearDownClass -->
      </class> <!-- cucumberOptions.TestRunner -->
    </test> <!-- Test -->
  </suite> <!-- Suite -->
</testng-results>
